[11:10:47:414] [INFO] - commons.Log.info(Log.java:21) - TestPeople.java - TestPeople.java - open https://swapi.dev/
[11:10:47:467] [INFO] - commons.Log.info(Log.java:21) - Util.java - Start reading people.csv
[11:13:08:930] [INFO] - commons.Log.info(Log.java:21) - Util.java - Finish reading people.csv
[11:15:02:186] [INFO] - commons.Log.info(Log.java:21) - TestPeople.java - clear searchInput area.
[11:15:02:380] [INFO] - commons.Log.info(Log.java:21) - TestPeople.java - input people/1/
[11:15:02:494] [INFO] - commons.Log.info(Log.java:21) - TestPeople.java - click request button
[11:15:04:627] [INFO] - commons.Log.info(Log.java:21) - TestPeople.java - get text from response body.
[11:15:59:510] [INFO] - commons.Log.info(Log.java:21) - TestPeople.java - Assertion starts.
[11:15:59:524] [INFO] - commons.Log.info(Log.java:21) - TestPeople.java - assert name
[11:15:59:528] [INFO] - commons.Log.info(Log.java:21) - TestPeople.java - assert height
[11:15:59:532] [INFO] - commons.Log.info(Log.java:21) - TestPeople.java - assert mass
[11:15:59:537] [INFO] - commons.Log.info(Log.java:21) - TestPeople.java - assert hair_color
[11:15:59:541] [INFO] - commons.Log.info(Log.java:21) - TestPeople.java - assert skin_color
[11:15:59:545] [INFO] - commons.Log.info(Log.java:21) - TestPeople.java - assert eye_color
[11:15:59:549] [INFO] - commons.Log.info(Log.java:21) - TestPeople.java - assert birth_year
[11:15:59:556] [INFO] - commons.Log.info(Log.java:21) - TestPeople.java - assert gender
[11:16:11:324] [INFO] - commons.Log.info(Log.java:21) - TestPeople.java - Building test result.
[11:16:14:640] [INFO] - commons.Log.info(Log.java:21) - TestPeople.java - Test people/1/ pass.
[11:16:35:779] [INFO] - commons.Log.info(Log.java:21) - TestPeople.java - clear searchInput area.
[11:16:35:909] [INFO] - commons.Log.info(Log.java:21) - TestPeople.java - input people/2/
[11:16:36:008] [INFO] - commons.Log.info(Log.java:21) - TestPeople.java - click request button
[11:16:38:135] [INFO] - commons.Log.info(Log.java:21) - TestPeople.java - get text from response body.
[11:16:44:301] [INFO] - commons.Log.info(Log.java:21) - TestPeople.java - Assertion starts.
[11:16:44:302] [INFO] - commons.Log.info(Log.java:21) - TestPeople.java - assert name
[11:16:44:302] [INFO] - commons.Log.info(Log.java:21) - TestPeople.java - assert height
[11:16:44:303] [INFO] - commons.Log.info(Log.java:21) - TestPeople.java - assert mass
[11:16:44:304] [INFO] - commons.Log.info(Log.java:21) - TestPeople.java - assert hair_color
[11:16:44:304] [INFO] - commons.Log.info(Log.java:21) - TestPeople.java - assert skin_color
[11:16:44:305] [INFO] - commons.Log.info(Log.java:21) - TestPeople.java - assert eye_color
[11:16:44:306] [INFO] - commons.Log.info(Log.java:21) - TestPeople.java - assert birth_year
[11:16:48:158] [INFO] - commons.Log.info(Log.java:21) - TestPeople.java - Building test result.
[11:17:00:593] [INFO] - commons.Log.info(Log.java:21) - TestPeople.java - Test people/2/ fail.
[11:17:21:749] [INFO] - commons.Log.info(Log.java:21) - TestPeople.java - clear searchInput area.
[11:17:21:869] [INFO] - commons.Log.info(Log.java:21) - TestPeople.java - input people/3/
[11:17:21:963] [INFO] - commons.Log.info(Log.java:21) - TestPeople.java - click request button
[11:17:24:088] [INFO] - commons.Log.info(Log.java:21) - TestPeople.java - get text from response body.
[11:17:29:130] [INFO] - commons.Log.info(Log.java:21) - TestPeople.java - Assertion starts.
[11:17:29:135] [INFO] - commons.Log.info(Log.java:21) - TestPeople.java - assert name
[11:17:29:139] [INFO] - commons.Log.info(Log.java:21) - TestPeople.java - assert height
[11:17:29:143] [INFO] - commons.Log.info(Log.java:21) - TestPeople.java - assert mass
[11:17:29:148] [INFO] - commons.Log.info(Log.java:21) - TestPeople.java - assert hair_color
[11:17:29:152] [INFO] - commons.Log.info(Log.java:21) - TestPeople.java - assert skin_color
[11:17:29:156] [INFO] - commons.Log.info(Log.java:21) - TestPeople.java - assert eye_color
[11:17:29:162] [INFO] - commons.Log.info(Log.java:21) - TestPeople.java - assert birth_year
[11:17:29:166] [INFO] - commons.Log.info(Log.java:21) - TestPeople.java - assert gender
[11:17:41:397] [INFO] - commons.Log.info(Log.java:21) - TestPeople.java - Building test result.
[11:18:56:777] [INFO] - commons.Log.info(Log.java:21) - TestPeople.java - Test people/3/ pass.
[11:19:35:855] [INFO] - commons.Log.info(Log.java:21) - TestPeople.java - clear searchInput area.
[11:19:35:907] [INFO] - commons.Log.info(Log.java:21) - TestPeople.java - input people/4/
[11:19:35:939] [INFO] - commons.Log.info(Log.java:21) - TestPeople.java - click request button
[11:19:37:964] [INFO] - commons.Log.info(Log.java:21) - TestPeople.java - get text from response body.
[11:19:45:142] [INFO] - commons.Log.info(Log.java:21) - TestPeople.java - Assertion starts.
[11:19:45:143] [INFO] - commons.Log.info(Log.java:21) - TestPeople.java - assert name
[11:19:45:144] [INFO] - commons.Log.info(Log.java:21) - TestPeople.java - assert height
[11:19:45:145] [INFO] - commons.Log.info(Log.java:21) - TestPeople.java - assert mass
[11:19:45:145] [INFO] - commons.Log.info(Log.java:21) - TestPeople.java - assert hair_color
[11:19:45:146] [INFO] - commons.Log.info(Log.java:21) - TestPeople.java - assert skin_color
[11:19:45:147] [INFO] - commons.Log.info(Log.java:21) - TestPeople.java - assert eye_color
[11:19:45:147] [INFO] - commons.Log.info(Log.java:21) - TestPeople.java - assert birth_year
[11:19:45:148] [INFO] - commons.Log.info(Log.java:21) - TestPeople.java - assert gender
[11:19:48:161] [INFO] - commons.Log.info(Log.java:21) - TestPeople.java - Building test result.
[11:19:53:583] [INFO] - commons.Log.info(Log.java:21) - TestPeople.java - Test people/4/ pass.
[11:20:19:812] [INFO] - commons.Log.info(Log.java:21) - Util.java - Start writing people.csv
[11:20:19:858] [INFO] - commons.Log.info(Log.java:21) - Util.java - Finish writing people.csv
[11:20:22:398] [INFO] - commons.Log.info(Log.java:21) - TestPeople.java - close browser
[13:10:31:945] [INFO] - commons.Log.info(Log.java:21) - TestPlanets.java - TestPlanets.java - open https://swapi.dev/
[13:10:31:962] [INFO] - commons.Log.info(Log.java:21) - Util.java - Start reading planets.csv
[13:10:31:977] [INFO] - commons.Log.info(Log.java:21) - Util.java - Finish reading planets.csv
[13:10:32:112] [INFO] - commons.Log.info(Log.java:21) - TestPlanets.java - clear searchInput area.
[13:10:32:191] [INFO] - commons.Log.info(Log.java:21) - TestPlanets.java - input planets/1/
[13:10:32:245] [INFO] - commons.Log.info(Log.java:21) - TestPlanets.java - click request button
[13:10:34:261] [INFO] - commons.Log.info(Log.java:21) - TestPlanets.java - get text from response body.
[13:10:34:302] [INFO] - commons.Log.info(Log.java:21) - TestPlanets.java - assert name
[13:10:34:302] [INFO] - commons.Log.info(Log.java:21) - TestPlanets.java - assert rotation_period
[13:10:34:303] [INFO] - commons.Log.info(Log.java:21) - TestPlanets.java - assert orbital_period
[13:10:34:303] [INFO] - commons.Log.info(Log.java:21) - TestPlanets.java - assert diameter
[13:10:34:303] [INFO] - commons.Log.info(Log.java:21) - TestPlanets.java - assert climate
[13:10:34:303] [INFO] - commons.Log.info(Log.java:21) - TestPlanets.java - assert gravity
[13:10:34:303] [INFO] - commons.Log.info(Log.java:21) - TestPlanets.java - assert terrain
[13:10:34:303] [INFO] - commons.Log.info(Log.java:21) - TestPlanets.java - assert surface_water
[13:10:34:303] [INFO] - commons.Log.info(Log.java:21) - TestPlanets.java - assert population
[13:10:34:306] [INFO] - commons.Log.info(Log.java:21) - TestPlanets.java - Building test result.
[13:10:34:307] [INFO] - commons.Log.info(Log.java:21) - TestPlanets.java - Test planets/1/ pass.
[13:10:34:363] [INFO] - commons.Log.info(Log.java:21) - TestPlanets.java - clear searchInput area.
[13:10:34:420] [INFO] - commons.Log.info(Log.java:21) - TestPlanets.java - input planets/2/
[13:10:34:461] [INFO] - commons.Log.info(Log.java:21) - TestPlanets.java - click request button
[13:10:36:471] [INFO] - commons.Log.info(Log.java:21) - TestPlanets.java - get text from response body.
[13:10:36:472] [INFO] - commons.Log.info(Log.java:21) - TestPlanets.java - assert name
[13:10:36:472] [INFO] - commons.Log.info(Log.java:21) - TestPlanets.java - assert rotation_period
[13:10:36:472] [INFO] - commons.Log.info(Log.java:21) - TestPlanets.java - assert orbital_period
[13:10:36:472] [INFO] - commons.Log.info(Log.java:21) - TestPlanets.java - assert diameter
[13:10:36:472] [INFO] - commons.Log.info(Log.java:21) - TestPlanets.java - assert climate
[13:10:36:472] [INFO] - commons.Log.info(Log.java:21) - TestPlanets.java - assert gravity
[13:10:36:472] [INFO] - commons.Log.info(Log.java:21) - TestPlanets.java - assert terrain
[13:10:36:473] [INFO] - commons.Log.info(Log.java:21) - TestPlanets.java - assert surface_water
[13:10:36:473] [INFO] - commons.Log.info(Log.java:21) - TestPlanets.java - assert population
[13:10:36:474] [INFO] - commons.Log.info(Log.java:21) - TestPlanets.java - Building test result.
[13:10:36:474] [INFO] - commons.Log.info(Log.java:21) - TestPlanets.java - Test planets/2/ pass.
[13:10:36:530] [INFO] - commons.Log.info(Log.java:21) - TestPlanets.java - clear searchInput area.
[13:10:36:584] [INFO] - commons.Log.info(Log.java:21) - TestPlanets.java - input planets/3/
[13:10:36:610] [INFO] - commons.Log.info(Log.java:21) - TestPlanets.java - click request button
[13:10:38:620] [INFO] - commons.Log.info(Log.java:21) - TestPlanets.java - get text from response body.
[13:10:38:621] [INFO] - commons.Log.info(Log.java:21) - TestPlanets.java - assert name
[13:10:38:621] [INFO] - commons.Log.info(Log.java:21) - TestPlanets.java - assert rotation_period
[13:10:38:621] [INFO] - commons.Log.info(Log.java:21) - TestPlanets.java - assert orbital_period
[13:10:38:621] [INFO] - commons.Log.info(Log.java:21) - TestPlanets.java - assert diameter
[13:10:38:622] [INFO] - commons.Log.info(Log.java:21) - TestPlanets.java - assert climate
[13:10:38:622] [INFO] - commons.Log.info(Log.java:21) - TestPlanets.java - assert gravity
[13:10:38:622] [INFO] - commons.Log.info(Log.java:21) - TestPlanets.java - assert terrain
[13:10:38:622] [INFO] - commons.Log.info(Log.java:21) - TestPlanets.java - assert surface_water
[13:10:38:622] [INFO] - commons.Log.info(Log.java:21) - TestPlanets.java - assert population
[13:10:38:623] [INFO] - commons.Log.info(Log.java:21) - TestPlanets.java - Building test result.
[13:10:38:623] [INFO] - commons.Log.info(Log.java:21) - TestPlanets.java - Test planets/3/ pass.
[13:10:38:817] [INFO] - commons.Log.info(Log.java:21) - Util.java - Start writing planets.csv
[13:10:38:830] [INFO] - commons.Log.info(Log.java:21) - Util.java - Finish writing planets.csv
[13:10:38:831] [INFO] - commons.Log.info(Log.java:21) - TestPlanets.java - close browser
[13:11:26:084] [INFO] - commons.Log.info(Log.java:21) - TestPeople.java - TestPeople.java - open https://swapi.dev/
[13:11:26:100] [INFO] - commons.Log.info(Log.java:21) - Util.java - Start reading people.csv
[13:11:26:115] [INFO] - commons.Log.info(Log.java:21) - Util.java - Finish reading people.csv
[13:11:26:260] [INFO] - commons.Log.info(Log.java:21) - TestPeople.java - clear searchInput area.
[13:11:26:346] [INFO] - commons.Log.info(Log.java:21) - TestPeople.java - input people/1/
[13:11:26:418] [INFO] - commons.Log.info(Log.java:21) - TestPeople.java - click request button
[13:11:28:433] [INFO] - commons.Log.info(Log.java:21) - TestPeople.java - get text from response body.
[13:11:28:469] [INFO] - commons.Log.info(Log.java:21) - TestPeople.java - Assertion starts.
[13:11:28:471] [INFO] - commons.Log.info(Log.java:21) - TestPeople.java - assert name
[13:11:28:471] [INFO] - commons.Log.info(Log.java:21) - TestPeople.java - assert height
[13:11:28:471] [INFO] - commons.Log.info(Log.java:21) - TestPeople.java - assert mass
[13:11:28:471] [INFO] - commons.Log.info(Log.java:21) - TestPeople.java - assert hair_color
[13:11:28:471] [INFO] - commons.Log.info(Log.java:21) - TestPeople.java - assert skin_color
[13:11:28:472] [INFO] - commons.Log.info(Log.java:21) - TestPeople.java - assert eye_color
[13:11:28:472] [INFO] - commons.Log.info(Log.java:21) - TestPeople.java - assert birth_year
[13:11:28:472] [INFO] - commons.Log.info(Log.java:21) - TestPeople.java - assert gender
[13:11:28:475] [INFO] - commons.Log.info(Log.java:21) - TestPeople.java - Building test result.
[13:11:28:476] [INFO] - commons.Log.info(Log.java:21) - TestPeople.java - Test people/1/ pass.
[13:11:28:534] [INFO] - commons.Log.info(Log.java:21) - TestPeople.java - clear searchInput area.
[13:11:28:585] [INFO] - commons.Log.info(Log.java:21) - TestPeople.java - input people/2/
[13:11:28:624] [INFO] - commons.Log.info(Log.java:21) - TestPeople.java - click request button
[13:11:30:635] [INFO] - commons.Log.info(Log.java:21) - TestPeople.java - get text from response body.
[13:11:30:635] [INFO] - commons.Log.info(Log.java:21) - TestPeople.java - Assertion starts.
[13:11:30:635] [INFO] - commons.Log.info(Log.java:21) - TestPeople.java - assert name
[13:11:30:635] [INFO] - commons.Log.info(Log.java:21) - TestPeople.java - assert height
[13:11:30:635] [INFO] - commons.Log.info(Log.java:21) - TestPeople.java - assert mass
[13:11:30:636] [INFO] - commons.Log.info(Log.java:21) - TestPeople.java - assert hair_color
[13:11:30:636] [INFO] - commons.Log.info(Log.java:21) - TestPeople.java - assert skin_color
[13:11:30:636] [INFO] - commons.Log.info(Log.java:21) - TestPeople.java - assert eye_color
[13:11:30:636] [INFO] - commons.Log.info(Log.java:21) - TestPeople.java - assert birth_year
[13:11:30:639] [INFO] - commons.Log.info(Log.java:21) - TestPeople.java - Building test result.
[13:11:30:640] [INFO] - commons.Log.info(Log.java:21) - TestPeople.java - Test people/2/ fail.
[13:11:30:696] [INFO] - commons.Log.info(Log.java:21) - TestPeople.java - clear searchInput area.
[13:11:30:748] [INFO] - commons.Log.info(Log.java:21) - TestPeople.java - input people/3/
[13:11:30:773] [INFO] - commons.Log.info(Log.java:21) - TestPeople.java - click request button
[13:11:32:785] [INFO] - commons.Log.info(Log.java:21) - TestPeople.java - get text from response body.
[13:11:32:785] [INFO] - commons.Log.info(Log.java:21) - TestPeople.java - Assertion starts.
[13:11:32:785] [INFO] - commons.Log.info(Log.java:21) - TestPeople.java - assert name
[13:11:32:785] [INFO] - commons.Log.info(Log.java:21) - TestPeople.java - assert height
[13:11:32:786] [INFO] - commons.Log.info(Log.java:21) - TestPeople.java - assert mass
[13:11:32:786] [INFO] - commons.Log.info(Log.java:21) - TestPeople.java - assert hair_color
[13:11:32:786] [INFO] - commons.Log.info(Log.java:21) - TestPeople.java - assert skin_color
[13:11:32:786] [INFO] - commons.Log.info(Log.java:21) - TestPeople.java - assert eye_color
[13:11:32:786] [INFO] - commons.Log.info(Log.java:21) - TestPeople.java - assert birth_year
[13:11:32:786] [INFO] - commons.Log.info(Log.java:21) - TestPeople.java - assert gender
[13:11:32:787] [INFO] - commons.Log.info(Log.java:21) - TestPeople.java - Building test result.
[13:11:32:788] [INFO] - commons.Log.info(Log.java:21) - TestPeople.java - Test people/3/ pass.
[13:11:32:837] [INFO] - commons.Log.info(Log.java:21) - TestPeople.java - clear searchInput area.
[13:11:32:881] [INFO] - commons.Log.info(Log.java:21) - TestPeople.java - input people/4/
[13:11:32:903] [INFO] - commons.Log.info(Log.java:21) - TestPeople.java - click request button
[13:11:34:913] [INFO] - commons.Log.info(Log.java:21) - TestPeople.java - get text from response body.
[13:11:34:913] [INFO] - commons.Log.info(Log.java:21) - TestPeople.java - Assertion starts.
[13:11:34:913] [INFO] - commons.Log.info(Log.java:21) - TestPeople.java - assert name
[13:11:34:913] [INFO] - commons.Log.info(Log.java:21) - TestPeople.java - assert height
[13:11:34:913] [INFO] - commons.Log.info(Log.java:21) - TestPeople.java - assert mass
[13:11:34:913] [INFO] - commons.Log.info(Log.java:21) - TestPeople.java - assert hair_color
[13:11:34:914] [INFO] - commons.Log.info(Log.java:21) - TestPeople.java - assert skin_color
[13:11:34:914] [INFO] - commons.Log.info(Log.java:21) - TestPeople.java - assert eye_color
[13:11:34:914] [INFO] - commons.Log.info(Log.java:21) - TestPeople.java - assert birth_year
[13:11:34:914] [INFO] - commons.Log.info(Log.java:21) - TestPeople.java - assert gender
[13:11:34:915] [INFO] - commons.Log.info(Log.java:21) - TestPeople.java - Building test result.
[13:11:34:915] [INFO] - commons.Log.info(Log.java:21) - TestPeople.java - Test people/4/ pass.
[13:11:34:916] [INFO] - commons.Log.info(Log.java:21) - Util.java - Start writing people.csv
[13:11:34:922] [INFO] - commons.Log.info(Log.java:21) - Util.java - Finish writing people.csv
[13:11:35:032] [INFO] - commons.Log.info(Log.java:21) - TestPeople.java - close browser
[13:12:15:095] [INFO] - commons.Log.info(Log.java:21) - TestPeople.java - TestPeople.java - open https://swapi.dev/
[13:12:15:107] [INFO] - commons.Log.info(Log.java:21) - Util.java - Start reading people.csv
[13:12:15:127] [INFO] - commons.Log.info(Log.java:21) - Util.java - Finish reading people.csv
[13:12:15:247] [INFO] - commons.Log.info(Log.java:21) - TestPeople.java - clear searchInput area.
[13:12:15:327] [INFO] - commons.Log.info(Log.java:21) - TestPeople.java - input people/1/
[13:12:15:381] [INFO] - commons.Log.info(Log.java:21) - TestPeople.java - click request button
[13:12:17:394] [INFO] - commons.Log.info(Log.java:21) - TestPeople.java - get text from response body.
[13:12:17:430] [INFO] - commons.Log.info(Log.java:21) - TestPeople.java - Assertion starts.
[13:12:17:432] [INFO] - commons.Log.info(Log.java:21) - TestPeople.java - assert name
[13:12:17:432] [INFO] - commons.Log.info(Log.java:21) - TestPeople.java - assert height
[13:12:17:432] [INFO] - commons.Log.info(Log.java:21) - TestPeople.java - assert mass
[13:12:17:433] [INFO] - commons.Log.info(Log.java:21) - TestPeople.java - assert hair_color
[13:12:17:433] [INFO] - commons.Log.info(Log.java:21) - TestPeople.java - assert skin_color
[13:12:17:433] [INFO] - commons.Log.info(Log.java:21) - TestPeople.java - assert eye_color
[13:12:17:433] [INFO] - commons.Log.info(Log.java:21) - TestPeople.java - assert birth_year
[13:12:17:434] [INFO] - commons.Log.info(Log.java:21) - TestPeople.java - assert gender
[13:12:17:437] [INFO] - commons.Log.info(Log.java:21) - TestPeople.java - Building test result.
[13:12:17:438] [INFO] - commons.Log.info(Log.java:21) - TestPeople.java - Test people/1/ pass.
[13:12:17:497] [INFO] - commons.Log.info(Log.java:21) - TestPeople.java - clear searchInput area.
[13:12:17:550] [INFO] - commons.Log.info(Log.java:21) - TestPeople.java - input people/2/
[13:12:17:587] [INFO] - commons.Log.info(Log.java:21) - TestPeople.java - click request button
[13:12:19:596] [INFO] - commons.Log.info(Log.java:21) - TestPeople.java - get text from response body.
[13:12:19:596] [INFO] - commons.Log.info(Log.java:21) - TestPeople.java - Assertion starts.
[13:12:19:597] [INFO] - commons.Log.info(Log.java:21) - TestPeople.java - assert name
[13:12:19:597] [INFO] - commons.Log.info(Log.java:21) - TestPeople.java - assert height
[13:12:19:597] [INFO] - commons.Log.info(Log.java:21) - TestPeople.java - assert mass
[13:12:19:597] [INFO] - commons.Log.info(Log.java:21) - TestPeople.java - assert hair_color
[13:12:19:597] [INFO] - commons.Log.info(Log.java:21) - TestPeople.java - assert skin_color
[13:12:19:597] [INFO] - commons.Log.info(Log.java:21) - TestPeople.java - assert eye_color
[13:12:19:597] [INFO] - commons.Log.info(Log.java:21) - TestPeople.java - assert birth_year
[13:12:19:601] [INFO] - commons.Log.info(Log.java:21) - TestPeople.java - Building test result.
[13:12:19:602] [INFO] - commons.Log.info(Log.java:21) - TestPeople.java - Test people/2/ fail.
[13:12:19:657] [INFO] - commons.Log.info(Log.java:21) - TestPeople.java - clear searchInput area.
[13:12:19:710] [INFO] - commons.Log.info(Log.java:21) - TestPeople.java - input people/3/
[13:12:19:740] [INFO] - commons.Log.info(Log.java:21) - TestPeople.java - click request button
[13:12:21:748] [INFO] - commons.Log.info(Log.java:21) - TestPeople.java - get text from response body.
[13:12:21:749] [INFO] - commons.Log.info(Log.java:21) - TestPeople.java - Assertion starts.
[13:12:21:749] [INFO] - commons.Log.info(Log.java:21) - TestPeople.java - assert name
[13:12:21:749] [INFO] - commons.Log.info(Log.java:21) - TestPeople.java - assert height
[13:12:21:749] [INFO] - commons.Log.info(Log.java:21) - TestPeople.java - assert mass
[13:12:21:749] [INFO] - commons.Log.info(Log.java:21) - TestPeople.java - assert hair_color
[13:12:21:749] [INFO] - commons.Log.info(Log.java:21) - TestPeople.java - assert skin_color
[13:12:21:749] [INFO] - commons.Log.info(Log.java:21) - TestPeople.java - assert eye_color
[13:12:21:750] [INFO] - commons.Log.info(Log.java:21) - TestPeople.java - assert birth_year
[13:12:21:750] [INFO] - commons.Log.info(Log.java:21) - TestPeople.java - assert gender
[13:12:21:751] [INFO] - commons.Log.info(Log.java:21) - TestPeople.java - Building test result.
[13:12:21:751] [INFO] - commons.Log.info(Log.java:21) - TestPeople.java - Test people/3/ pass.
[13:12:21:800] [INFO] - commons.Log.info(Log.java:21) - TestPeople.java - clear searchInput area.
[13:12:21:847] [INFO] - commons.Log.info(Log.java:21) - TestPeople.java - input people/4/
[13:12:21:874] [INFO] - commons.Log.info(Log.java:21) - TestPeople.java - click request button
[13:12:23:883] [INFO] - commons.Log.info(Log.java:21) - TestPeople.java - get text from response body.
[13:12:23:884] [INFO] - commons.Log.info(Log.java:21) - TestPeople.java - Assertion starts.
[13:12:23:884] [INFO] - commons.Log.info(Log.java:21) - TestPeople.java - assert name
[13:12:23:884] [INFO] - commons.Log.info(Log.java:21) - TestPeople.java - assert height
[13:12:23:884] [INFO] - commons.Log.info(Log.java:21) - TestPeople.java - assert mass
[13:12:23:885] [INFO] - commons.Log.info(Log.java:21) - TestPeople.java - assert hair_color
[13:12:23:885] [INFO] - commons.Log.info(Log.java:21) - TestPeople.java - assert skin_color
[13:12:23:885] [INFO] - commons.Log.info(Log.java:21) - TestPeople.java - assert eye_color
[13:12:23:885] [INFO] - commons.Log.info(Log.java:21) - TestPeople.java - assert birth_year
[13:12:23:885] [INFO] - commons.Log.info(Log.java:21) - TestPeople.java - assert gender
[13:12:23:887] [INFO] - commons.Log.info(Log.java:21) - TestPeople.java - Building test result.
[13:12:23:887] [INFO] - commons.Log.info(Log.java:21) - TestPeople.java - Test people/4/ pass.
[13:12:23:888] [INFO] - commons.Log.info(Log.java:21) - Util.java - Start writing people.csv
[13:12:23:894] [INFO] - commons.Log.info(Log.java:21) - Util.java - Finish writing people.csv
[13:12:24:001] [INFO] - commons.Log.info(Log.java:21) - TestPeople.java - close browser
[13:12:32:056] [INFO] - commons.Log.info(Log.java:21) - TestPlanets.java - TestPlanets.java - open https://swapi.dev/
[13:12:32:058] [INFO] - commons.Log.info(Log.java:21) - Util.java - Start reading planets.csv
[13:12:32:064] [INFO] - commons.Log.info(Log.java:21) - Util.java - Finish reading planets.csv
[13:12:32:215] [INFO] - commons.Log.info(Log.java:21) - TestPlanets.java - clear searchInput area.
[13:12:32:331] [INFO] - commons.Log.info(Log.java:21) - TestPlanets.java - input planets/1/
[13:12:32:394] [INFO] - commons.Log.info(Log.java:21) - TestPlanets.java - click request button
[13:12:34:407] [INFO] - commons.Log.info(Log.java:21) - TestPlanets.java - get text from response body.
[13:12:34:410] [INFO] - commons.Log.info(Log.java:21) - TestPlanets.java - assert name
[13:12:34:410] [INFO] - commons.Log.info(Log.java:21) - TestPlanets.java - assert rotation_period
[13:12:34:410] [INFO] - commons.Log.info(Log.java:21) - TestPlanets.java - assert orbital_period
[13:12:34:410] [INFO] - commons.Log.info(Log.java:21) - TestPlanets.java - assert diameter
[13:12:34:410] [INFO] - commons.Log.info(Log.java:21) - TestPlanets.java - assert climate
[13:12:34:410] [INFO] - commons.Log.info(Log.java:21) - TestPlanets.java - assert gravity
[13:12:34:411] [INFO] - commons.Log.info(Log.java:21) - TestPlanets.java - assert terrain
[13:12:34:411] [INFO] - commons.Log.info(Log.java:21) - TestPlanets.java - assert surface_water
[13:12:34:411] [INFO] - commons.Log.info(Log.java:21) - TestPlanets.java - assert population
[13:12:34:412] [INFO] - commons.Log.info(Log.java:21) - TestPlanets.java - Building test result.
[13:12:34:412] [INFO] - commons.Log.info(Log.java:21) - TestPlanets.java - Test planets/1/ pass.
[13:12:34:462] [INFO] - commons.Log.info(Log.java:21) - TestPlanets.java - clear searchInput area.
[13:12:34:512] [INFO] - commons.Log.info(Log.java:21) - TestPlanets.java - input planets/2/
[13:12:34:539] [INFO] - commons.Log.info(Log.java:21) - TestPlanets.java - click request button
[13:12:36:551] [INFO] - commons.Log.info(Log.java:21) - TestPlanets.java - get text from response body.
[13:12:36:551] [INFO] - commons.Log.info(Log.java:21) - TestPlanets.java - assert name
[13:12:36:551] [INFO] - commons.Log.info(Log.java:21) - TestPlanets.java - assert rotation_period
[13:12:36:551] [INFO] - commons.Log.info(Log.java:21) - TestPlanets.java - assert orbital_period
[13:12:36:552] [INFO] - commons.Log.info(Log.java:21) - TestPlanets.java - assert diameter
[13:12:36:552] [INFO] - commons.Log.info(Log.java:21) - TestPlanets.java - assert climate
[13:12:36:552] [INFO] - commons.Log.info(Log.java:21) - TestPlanets.java - assert gravity
[13:12:36:552] [INFO] - commons.Log.info(Log.java:21) - TestPlanets.java - assert terrain
[13:12:36:552] [INFO] - commons.Log.info(Log.java:21) - TestPlanets.java - assert surface_water
[13:12:36:552] [INFO] - commons.Log.info(Log.java:21) - TestPlanets.java - assert population
[13:12:36:554] [INFO] - commons.Log.info(Log.java:21) - TestPlanets.java - Building test result.
[13:12:36:554] [INFO] - commons.Log.info(Log.java:21) - TestPlanets.java - Test planets/2/ pass.
[13:12:36:599] [INFO] - commons.Log.info(Log.java:21) - TestPlanets.java - clear searchInput area.
[13:12:36:644] [INFO] - commons.Log.info(Log.java:21) - TestPlanets.java - input planets/3/
[13:12:36:666] [INFO] - commons.Log.info(Log.java:21) - TestPlanets.java - click request button
[13:12:38:676] [INFO] - commons.Log.info(Log.java:21) - TestPlanets.java - get text from response body.
[13:12:38:677] [INFO] - commons.Log.info(Log.java:21) - TestPlanets.java - assert name
[13:12:38:677] [INFO] - commons.Log.info(Log.java:21) - TestPlanets.java - assert rotation_period
[13:12:38:677] [INFO] - commons.Log.info(Log.java:21) - TestPlanets.java - assert orbital_period
[13:12:38:677] [INFO] - commons.Log.info(Log.java:21) - TestPlanets.java - assert diameter
[13:12:38:677] [INFO] - commons.Log.info(Log.java:21) - TestPlanets.java - assert climate
[13:12:38:677] [INFO] - commons.Log.info(Log.java:21) - TestPlanets.java - assert gravity
[13:12:38:677] [INFO] - commons.Log.info(Log.java:21) - TestPlanets.java - assert terrain
[13:12:38:677] [INFO] - commons.Log.info(Log.java:21) - TestPlanets.java - assert surface_water
[13:12:38:677] [INFO] - commons.Log.info(Log.java:21) - TestPlanets.java - assert population
[13:12:38:678] [INFO] - commons.Log.info(Log.java:21) - TestPlanets.java - Building test result.
[13:12:38:678] [INFO] - commons.Log.info(Log.java:21) - TestPlanets.java - Test planets/3/ pass.
[13:12:38:738] [INFO] - commons.Log.info(Log.java:21) - Util.java - Start writing planets.csv
[13:12:38:748] [INFO] - commons.Log.info(Log.java:21) - Util.java - Finish writing planets.csv
[13:12:38:748] [INFO] - commons.Log.info(Log.java:21) - TestPlanets.java - close browser
[13:12:46:644] [INFO] - commons.Log.info(Log.java:21) - TestStarships.java - TestStarships.java - open https://swapi.dev/
[13:12:46:645] [INFO] - commons.Log.info(Log.java:21) - Util.java - Start reading starships.csv
[13:12:46:649] [INFO] - commons.Log.info(Log.java:21) - Util.java - Finish reading starships.csv
[13:12:46:749] [INFO] - commons.Log.info(Log.java:21) - TestStarships.java - clear searchInput area.
[13:12:46:844] [INFO] - commons.Log.info(Log.java:21) - TestStarships.java - input starships/2/
[13:12:46:891] [INFO] - commons.Log.info(Log.java:21) - TestStarships.java - click request button
[13:12:48:904] [INFO] - commons.Log.info(Log.java:21) - TestStarships.java - get text from response body.
[13:12:48:913] [INFO] - commons.Log.info(Log.java:21) - TestStarships.java - assert name
[13:12:48:914] [INFO] - commons.Log.info(Log.java:21) - TestStarships.java - assert model
[13:12:48:914] [INFO] - commons.Log.info(Log.java:21) - TestStarships.java - assert manufacturer
[13:12:48:914] [INFO] - commons.Log.info(Log.java:21) - TestStarships.java - assert cost_in_credits
[13:12:48:914] [INFO] - commons.Log.info(Log.java:21) - TestStarships.java - assert length
[13:12:48:914] [INFO] - commons.Log.info(Log.java:21) - TestStarships.java - assert max_atmosphering_speed
[13:12:48:914] [INFO] - commons.Log.info(Log.java:21) - TestStarships.java - assert crew
[13:12:48:914] [INFO] - commons.Log.info(Log.java:21) - TestStarships.java - assert passengers
[13:12:48:914] [INFO] - commons.Log.info(Log.java:21) - TestStarships.java - assert cargo_capacity
[13:12:48:915] [INFO] - commons.Log.info(Log.java:21) - TestStarships.java - Building test result.
[13:12:48:916] [INFO] - commons.Log.info(Log.java:21) - TestStarships.java - Test starships/2/ pass.
[13:12:48:963] [INFO] - commons.Log.info(Log.java:21) - TestStarships.java - clear searchInput area.
[13:12:49:010] [INFO] - commons.Log.info(Log.java:21) - TestStarships.java - input starships/3/
[13:12:49:034] [INFO] - commons.Log.info(Log.java:21) - TestStarships.java - click request button
[13:12:51:045] [INFO] - commons.Log.info(Log.java:21) - TestStarships.java - get text from response body.
[13:12:51:045] [INFO] - commons.Log.info(Log.java:21) - TestStarships.java - assert name
[13:12:51:045] [INFO] - commons.Log.info(Log.java:21) - TestStarships.java - assert model
[13:12:51:045] [INFO] - commons.Log.info(Log.java:21) - TestStarships.java - assert manufacturer
[13:12:51:045] [INFO] - commons.Log.info(Log.java:21) - TestStarships.java - assert cost_in_credits
[13:12:51:045] [INFO] - commons.Log.info(Log.java:21) - TestStarships.java - assert length
[13:12:51:045] [INFO] - commons.Log.info(Log.java:21) - TestStarships.java - assert max_atmosphering_speed
[13:12:51:046] [INFO] - commons.Log.info(Log.java:21) - TestStarships.java - assert crew
[13:12:51:046] [INFO] - commons.Log.info(Log.java:21) - TestStarships.java - assert passengers
[13:12:51:046] [INFO] - commons.Log.info(Log.java:21) - TestStarships.java - assert cargo_capacity
[13:12:51:047] [INFO] - commons.Log.info(Log.java:21) - TestStarships.java - Building test result.
[13:12:51:047] [INFO] - commons.Log.info(Log.java:21) - TestStarships.java - Test starships/3/ pass.
[13:12:51:092] [INFO] - commons.Log.info(Log.java:21) - TestStarships.java - clear searchInput area.
[13:12:51:151] [INFO] - commons.Log.info(Log.java:21) - TestStarships.java - input starships/5/
[13:12:51:177] [INFO] - commons.Log.info(Log.java:21) - TestStarships.java - click request button
[13:12:53:187] [INFO] - commons.Log.info(Log.java:21) - TestStarships.java - get text from response body.
[13:12:53:188] [INFO] - commons.Log.info(Log.java:21) - TestStarships.java - assert name
[13:12:53:188] [INFO] - commons.Log.info(Log.java:21) - TestStarships.java - assert model
[13:12:53:188] [INFO] - commons.Log.info(Log.java:21) - TestStarships.java - assert manufacturer
[13:12:53:188] [INFO] - commons.Log.info(Log.java:21) - TestStarships.java - assert cost_in_credits
[13:12:53:188] [INFO] - commons.Log.info(Log.java:21) - TestStarships.java - assert length
[13:12:53:188] [INFO] - commons.Log.info(Log.java:21) - TestStarships.java - assert max_atmosphering_speed
[13:12:53:188] [INFO] - commons.Log.info(Log.java:21) - TestStarships.java - assert crew
[13:12:53:188] [INFO] - commons.Log.info(Log.java:21) - TestStarships.java - assert passengers
[13:12:53:188] [INFO] - commons.Log.info(Log.java:21) - TestStarships.java - assert cargo_capacity
[13:12:53:189] [INFO] - commons.Log.info(Log.java:21) - TestStarships.java - Building test result.
[13:12:53:189] [INFO] - commons.Log.info(Log.java:21) - TestStarships.java - Test starships/5/ pass.
[13:12:53:279] [INFO] - commons.Log.info(Log.java:21) - TestStarships.java - browser closed.
[13:12:53:280] [INFO] - commons.Log.info(Log.java:21) - Util.java - Start writing starships.csv
[13:12:53:291] [INFO] - commons.Log.info(Log.java:21) - Util.java - Finish writing starships.csv
[13:12:53:292] [INFO] - commons.Log.info(Log.java:21) - TestStarships.java - close browser
[13:13:01:089] [INFO] - commons.Log.info(Log.java:21) - TestSpecies.java - TestSpecies.java - open https://swapi.dev/
[13:13:01:089] [INFO] - commons.Log.info(Log.java:21) - Util.java - Start reading species.csv
[13:13:01:096] [INFO] - commons.Log.info(Log.java:21) - Util.java - Finish reading species.csv
[13:13:01:193] [INFO] - commons.Log.info(Log.java:21) - TestSpecies.java - TestSpecies.java - clear searchInput area.
[13:13:01:269] [INFO] - commons.Log.info(Log.java:21) - TestSpecies.java - input species/1/
[13:13:01:318] [INFO] - commons.Log.info(Log.java:21) - TestSpecies.java - click request button
[13:13:03:334] [INFO] - commons.Log.info(Log.java:21) - TestSpecies.java - get text from response body.
[13:13:03:338] [INFO] - commons.Log.info(Log.java:21) - TestSpecies.java - assert name
[13:13:03:339] [INFO] - commons.Log.info(Log.java:21) - TestSpecies.java - assert classification
[13:13:03:339] [INFO] - commons.Log.info(Log.java:21) - TestSpecies.java - assert designation
[13:13:03:339] [INFO] - commons.Log.info(Log.java:21) - TestSpecies.java - assert average_height
[13:13:03:339] [INFO] - commons.Log.info(Log.java:21) - TestSpecies.java - assert skin_colors
[13:13:03:339] [INFO] - commons.Log.info(Log.java:21) - TestSpecies.java - assert hair_colors
[13:13:03:339] [INFO] - commons.Log.info(Log.java:21) - TestSpecies.java - assert eye_colors
[13:13:03:340] [INFO] - commons.Log.info(Log.java:21) - TestSpecies.java - assert average_lifespan
[13:13:03:341] [INFO] - commons.Log.info(Log.java:21) - TestSpecies.java - Building test result.
[13:13:03:342] [INFO] - commons.Log.info(Log.java:21) - TestSpecies.java - Test species/1/ pass.
[13:13:03:398] [INFO] - commons.Log.info(Log.java:21) - TestSpecies.java - TestSpecies.java - clear searchInput area.
[13:13:03:451] [INFO] - commons.Log.info(Log.java:21) - TestSpecies.java - input species/2/
[13:13:03:479] [INFO] - commons.Log.info(Log.java:21) - TestSpecies.java - click request button
[13:13:05:492] [INFO] - commons.Log.info(Log.java:21) - TestSpecies.java - get text from response body.
[13:13:05:493] [INFO] - commons.Log.info(Log.java:21) - TestSpecies.java - assert name
[13:13:05:493] [INFO] - commons.Log.info(Log.java:21) - TestSpecies.java - assert classification
[13:13:05:493] [INFO] - commons.Log.info(Log.java:21) - TestSpecies.java - assert designation
[13:13:05:493] [INFO] - commons.Log.info(Log.java:21) - TestSpecies.java - assert average_height
[13:13:05:493] [INFO] - commons.Log.info(Log.java:21) - TestSpecies.java - assert skin_colors
[13:13:05:493] [INFO] - commons.Log.info(Log.java:21) - TestSpecies.java - assert hair_colors
[13:13:05:493] [INFO] - commons.Log.info(Log.java:21) - TestSpecies.java - assert eye_colors
[13:13:05:493] [INFO] - commons.Log.info(Log.java:21) - TestSpecies.java - assert average_lifespan
[13:13:05:495] [INFO] - commons.Log.info(Log.java:21) - TestSpecies.java - Building test result.
[13:13:05:495] [INFO] - commons.Log.info(Log.java:21) - TestSpecies.java - Test species/2/ pass.
[13:13:05:541] [INFO] - commons.Log.info(Log.java:21) - TestSpecies.java - TestSpecies.java - clear searchInput area.
[13:13:05:589] [INFO] - commons.Log.info(Log.java:21) - TestSpecies.java - input species/3/
[13:13:05:615] [INFO] - commons.Log.info(Log.java:21) - TestSpecies.java - click request button
[13:13:07:624] [INFO] - commons.Log.info(Log.java:21) - TestSpecies.java - get text from response body.
[13:13:07:625] [INFO] - commons.Log.info(Log.java:21) - TestSpecies.java - assert name
[13:13:07:625] [INFO] - commons.Log.info(Log.java:21) - TestSpecies.java - assert classification
[13:13:07:625] [INFO] - commons.Log.info(Log.java:21) - TestSpecies.java - assert designation
[13:13:07:625] [INFO] - commons.Log.info(Log.java:21) - TestSpecies.java - assert average_height
[13:13:07:625] [INFO] - commons.Log.info(Log.java:21) - TestSpecies.java - assert skin_colors
[13:13:07:625] [INFO] - commons.Log.info(Log.java:21) - TestSpecies.java - assert hair_colors
[13:13:07:625] [INFO] - commons.Log.info(Log.java:21) - TestSpecies.java - assert eye_colors
[13:13:07:625] [INFO] - commons.Log.info(Log.java:21) - TestSpecies.java - assert average_lifespan
[13:13:07:626] [INFO] - commons.Log.info(Log.java:21) - TestSpecies.java - Building test result.
[13:13:07:627] [INFO] - commons.Log.info(Log.java:21) - TestSpecies.java - Test species/3/ pass.
[13:13:07:688] [INFO] - commons.Log.info(Log.java:21) - Util.java - Start writing species.csv
[13:13:07:701] [INFO] - commons.Log.info(Log.java:21) - Util.java - Finish writing species.csv
[13:13:07:701] [INFO] - commons.Log.info(Log.java:21) - TestSpecies.java - close browser
[13:13:15:567] [INFO] - commons.Log.info(Log.java:21) - TestVehicles.java - TestVehicles.java - open https://swapi.dev/
[13:13:15:568] [INFO] - commons.Log.info(Log.java:21) - Util.java - Start reading vehicles.csv
[13:13:15:573] [INFO] - commons.Log.info(Log.java:21) - Util.java - Finish reading vehicles.csv
[13:13:15:668] [INFO] - commons.Log.info(Log.java:21) - TestVehicles.java - TestVehicles.java - clear searchInput area.
[13:13:15:755] [INFO] - commons.Log.info(Log.java:21) - TestVehicles.java - TestVehicles.java - input vehicles/4/
[13:13:15:805] [INFO] - commons.Log.info(Log.java:21) - TestVehicles.java - TestVehicles.java - click request button
[13:13:17:819] [INFO] - commons.Log.info(Log.java:21) - TestVehicles.java - TestVehicles.java - get text from response body.
[13:13:17:823] [INFO] - commons.Log.info(Log.java:21) - TestVehicles.java - assert name
[13:13:17:823] [INFO] - commons.Log.info(Log.java:21) - TestVehicles.java - assert model
[13:13:17:824] [INFO] - commons.Log.info(Log.java:21) - TestVehicles.java - assert manufacturer
[13:13:17:824] [INFO] - commons.Log.info(Log.java:21) - TestVehicles.java - assert cost_in_credits
[13:13:17:824] [INFO] - commons.Log.info(Log.java:21) - TestVehicles.java - assert max_atmosphering_speed
[13:13:17:824] [INFO] - commons.Log.info(Log.java:21) - TestVehicles.java - assert crew
[13:13:17:824] [INFO] - commons.Log.info(Log.java:21) - TestVehicles.java - assert passengers
[13:13:17:824] [INFO] - commons.Log.info(Log.java:21) - TestVehicles.java - assert cargo_capacity
[13:13:17:824] [INFO] - commons.Log.info(Log.java:21) - TestVehicles.java - assert consumables
[13:13:17:824] [INFO] - commons.Log.info(Log.java:21) - TestVehicles.java - assert vehicle_class
[13:13:17:825] [INFO] - commons.Log.info(Log.java:21) - TestVehicles.java - Building test result.
[13:13:17:825] [INFO] - commons.Log.info(Log.java:21) - TestVehicles.java - Test vehicles/4/ pass.
[13:13:17:871] [INFO] - commons.Log.info(Log.java:21) - TestVehicles.java - TestVehicles.java - clear searchInput area.
[13:13:17:922] [INFO] - commons.Log.info(Log.java:21) - TestVehicles.java - TestVehicles.java - input vehicles/6/
[13:13:17:955] [INFO] - commons.Log.info(Log.java:21) - TestVehicles.java - TestVehicles.java - click request button
[13:13:19:966] [INFO] - commons.Log.info(Log.java:21) - TestVehicles.java - TestVehicles.java - get text from response body.
[13:13:19:966] [INFO] - commons.Log.info(Log.java:21) - TestVehicles.java - assert name
[13:13:19:966] [INFO] - commons.Log.info(Log.java:21) - TestVehicles.java - assert model
[13:13:19:967] [INFO] - commons.Log.info(Log.java:21) - TestVehicles.java - assert manufacturer
[13:13:19:967] [INFO] - commons.Log.info(Log.java:21) - TestVehicles.java - assert cost_in_credits
[13:13:19:967] [INFO] - commons.Log.info(Log.java:21) - TestVehicles.java - assert max_atmosphering_speed
[13:13:19:967] [INFO] - commons.Log.info(Log.java:21) - TestVehicles.java - assert crew
[13:13:19:967] [INFO] - commons.Log.info(Log.java:21) - TestVehicles.java - assert passengers
[13:13:19:967] [INFO] - commons.Log.info(Log.java:21) - TestVehicles.java - assert cargo_capacity
[13:13:19:967] [INFO] - commons.Log.info(Log.java:21) - TestVehicles.java - assert consumables
[13:13:19:967] [INFO] - commons.Log.info(Log.java:21) - TestVehicles.java - assert vehicle_class
[13:13:19:968] [INFO] - commons.Log.info(Log.java:21) - TestVehicles.java - Building test result.
[13:13:19:968] [INFO] - commons.Log.info(Log.java:21) - TestVehicles.java - Test vehicles/6/ pass.
[13:13:20:015] [INFO] - commons.Log.info(Log.java:21) - TestVehicles.java - TestVehicles.java - clear searchInput area.
[13:13:20:073] [INFO] - commons.Log.info(Log.java:21) - TestVehicles.java - TestVehicles.java - input vehicles/7/
[13:13:20:103] [INFO] - commons.Log.info(Log.java:21) - TestVehicles.java - TestVehicles.java - click request button
[13:13:22:113] [INFO] - commons.Log.info(Log.java:21) - TestVehicles.java - TestVehicles.java - get text from response body.
[13:13:22:113] [INFO] - commons.Log.info(Log.java:21) - TestVehicles.java - assert name
[13:13:22:113] [INFO] - commons.Log.info(Log.java:21) - TestVehicles.java - assert model
[13:13:22:113] [INFO] - commons.Log.info(Log.java:21) - TestVehicles.java - assert manufacturer
[13:13:22:113] [INFO] - commons.Log.info(Log.java:21) - TestVehicles.java - assert cost_in_credits
[13:13:22:113] [INFO] - commons.Log.info(Log.java:21) - TestVehicles.java - assert max_atmosphering_speed
[13:13:22:113] [INFO] - commons.Log.info(Log.java:21) - TestVehicles.java - assert crew
[13:13:22:113] [INFO] - commons.Log.info(Log.java:21) - TestVehicles.java - assert passengers
[13:13:22:113] [INFO] - commons.Log.info(Log.java:21) - TestVehicles.java - assert cargo_capacity
[13:13:22:113] [INFO] - commons.Log.info(Log.java:21) - TestVehicles.java - assert consumables
[13:13:22:113] [INFO] - commons.Log.info(Log.java:21) - TestVehicles.java - assert vehicle_class
[13:13:22:114] [INFO] - commons.Log.info(Log.java:21) - TestVehicles.java - Building test result.
[13:13:22:114] [INFO] - commons.Log.info(Log.java:21) - TestVehicles.java - Test vehicles/7/ pass.
[13:13:22:179] [INFO] - commons.Log.info(Log.java:21) - Util.java - Start writing vehicles.csv
[13:13:22:188] [INFO] - commons.Log.info(Log.java:21) - Util.java - Finish writing vehicles.csv
[13:13:22:188] [INFO] - commons.Log.info(Log.java:21) - TestVehicles.java - close browser
